<?xml version="1.0" encoding="UTF-8"?>
<!-- Generated by org.testng.reporters.JUnitXMLReporter -->
<testsuite ignored="0" hostname="Abduls-MBP" failures="1" tests="5" name="Standalon Test" time="48.501" errors="0" timestamp="2023-02-20T14:47:10 EST">
  <testcase classname="swagLabsPagesTests.SwagLabsStandAlonPracticeTest" name="submitOrder" time="1.636"/>
  <testcase classname="swagLabsPagesTests.SwagLabsStandAlonPracticeTest" name="submitOrder" time="1.652"/>
  <testcase classname="swagLabsPagesTests.SwagLabsStandAlonPracticeTest" name="orderHistory" time="10.618">
    <skipped/>
  </testcase> <!-- orderHistory -->
  <testcase classname="swagLabsPagesTests.SwagLabsStandAlonPracticeTest" name="orderHistory" time="10.608">
    <skipped/>
  </testcase> <!-- orderHistory -->
  <testcase classname="swagLabsPagesTests.SwagLabsStandAlonPracticeTest" name="orderHistory" time="10.661">
    <failure type="java.lang.AssertionError" message="expected [true] but found [false]">
      <![CDATA[java.lang.AssertionError: expected [true] but found [false]
at swagLabsPagesTests.SwagLabsStandAlonPracticeTest.orderHistory(SwagLabsStandAlonPracticeTest.java:46)
at java.base/java.util.ArrayList.forEach(ArrayList.java:1511)
... Removed 31 stack frames]]>
    </failure>
  </testcase> <!-- orderHistory -->
</testsuite> <!-- Standalon Test -->
