<?xml version="1.0" encoding="UTF-8"?>
<!-- Generated by org.testng.reporters.JUnitXMLReporter -->
<testsuite ignored="4" hostname="Abduls-MBP" failures="2" tests="12" name="Test" time="11.01" errors="0" timestamp="2023-03-03T19:53:00 EST">
  <testcase classname="arifProjecttest.ArifProjectTest" name="saucedemoLogin" time="4.955"/>
  <testcase classname="saucedemo.PracticeTest" name="drinksCoke" time="0.0"/>
  <testcase classname="saucedemo.PracticeTest" name="drinksFanta" time="0.0"/>
  <testcase classname="saucedemo.PracticeTest" name="myTest" time="0.0">
    <failure type="org.testng.TestNGException" message="
Parameter &amp;apos;URL&amp;apos; is required by @Test on method myTest but has not been marked @Optional or defined
in /Users/basith301/eclipse-workspace/basith30/testng.xml">
      <![CDATA[org.testng.TestNGException: 
Parameter 'URL' is required by @Test on method myTest but has not been marked @Optional or defined
in /Users/basith301/eclipse-workspace/basith30/testng.xml
at java.base/java.util.ArrayList.forEach(ArrayList.java:1511)
... Removed 30 stack frames]]>
    </failure>
  </testcase> <!-- myTest -->
  <testcase classname="saucedemo.PracticeTest" name="drinksPepsi" time="0.0"/>
  <testcase classname="saucedemo.SaucedemoPageTest" name="login" time="0.002"/>
  <testcase classname="saucedemo.SaucedemoPageTest" name="login" time="0.0"/>
  <testcase classname="saucedemo.SaucedemoPageTest" name="login" time="0.0"/>
  <testcase classname="saucedemo.SaucedemoPageTest" name="login" time="0.0"/>
  <testcase classname="saucedemo.SaucedemoPageTest" name="loudwebsite" time="0.0">
    <failure type="org.testng.TestNGException" message="
Parameter &amp;apos;URL&amp;apos; is required by @Test on method loudwebsite but has not been marked @Optional or defined
in /Users/basith301/eclipse-workspace/basith30/testng.xml">
      <![CDATA[org.testng.TestNGException: 
Parameter 'URL' is required by @Test on method loudwebsite but has not been marked @Optional or defined
in /Users/basith301/eclipse-workspace/basith30/testng.xml
at java.base/java.util.ArrayList.forEach(ArrayList.java:1511)
... Removed 30 stack frames]]>
    </failure>
  </testcase> <!-- loudwebsite -->
  <testcase classname="saucedemo.SaucedemoPageTest" name="addCart" time="0.0">
    <skipped/>
  </testcase> <!-- addCart -->
  <testcase classname="saucedemo.SaucedemoPageTest" name="sortingItems" time="0.0">
    <skipped/>
  </testcase> <!-- sortingItems -->
  <testcase classname="saucedemo.BaseSaucedemo" name="@BeforeTest beforeTest" time="0.0">
    <ignored/>
  </testcase> <!-- @BeforeTest beforeTest -->
  <testcase classname="saucedemo.BaseSaucedemo" name="@AfterTest afterTest" time="0.0">
    <ignored/>
  </testcase> <!-- @AfterTest afterTest -->
  <testcase classname="saucedemo.BaseSaucedemo" name="@BeforeSuite beforeSuite" time="0.0">
    <ignored/>
  </testcase> <!-- @BeforeSuite beforeSuite -->
  <testcase classname="saucedemo.BaseSaucedemo" name="@AfterSuite afterSuite" time="0.0">
    <ignored/>
  </testcase> <!-- @AfterSuite afterSuite -->
</testsuite> <!-- Test -->
