<?xml version="1.0" encoding="UTF-8"?>
<testng-results ignored="0" total="4" passed="0" failed="4" skipped="0">
  <reporter-output>
  </reporter-output>
  <suite started-at="2023-03-03T20:58:06 EST" name="Suite" finished-at="2023-03-03T20:58:09 EST" duration-ms="3142">
    <groups>
    </groups>
    <test started-at="2023-03-03T20:58:06 EST" name="Test-0" finished-at="2023-03-03T20:58:07 EST" duration-ms="1426">
      <class name="rahulshettyacademy.TestDemo">
        <test-method signature="titleCheck()[pri:0, instance:rahulshettyacademy.TestDemo@53ac845a]" started-at="2023-03-03T20:58:06 EST" name="titleCheck" finished-at="2023-03-03T20:58:07 EST" duration-ms="1384" status="FAIL">
          <exception class="org.openqa.selenium.SessionNotCreatedException">
            <message>
              <![CDATA[Could not start a new session. Response code 401. Message: Invalid username or password 
Host info: host: 'Abduls-MBP', ip: '2600:4041:5555:ac00:5dcc:7e82:8af2:53d0%en0'
Build info: version: '4.6.0', revision: '79f1c02ae20'
System info: os.name: 'Mac OS X', os.arch: 'x86_64', os.version: '13.2.1', java.version: '17.0.5'
Driver info: org.openqa.selenium.remote.RemoteWebDriver
Command: [null, newSession {capabilities=[Capabilities {browserName: Firefox, browserVersion: 104.0, bstack:options: {accessKey: avTb7CjxY6Ga6KcdswJe, browser: Firefox, browserName: Firefox, browserVersion: 104.0, browserstackSDK: testng-javaagent/1.2.2, buildIdentifier: #1, buildName: browserstack-build-1, consoleLogs: errors, debug: false, hostName: Abduls-MBP, local: true, localIdentifier: 03_Mar_2057_Abduls_MBP_Jttl, networkLogs: false, os: Windows, osVersion: 11, projectName: BrowserStack Sample, userName: rahulshettbm6tXG}}], desiredCapabilities=Capabilities {browserName: Firefox, browserVersion: 104.0, bstack:options: {accessKey: avTb7CjxY6Ga6KcdswJe, browser: Firefox, browserName: Firefox, browserVersion: 104.0, browserstackSDK: testng-javaagent/1.2.2, buildIdentifier: #1, buildName: browserstack-build-1, consoleLogs: errors, debug: false, hostName: Abduls-MBP, local: true, localIdentifier: 03_Mar_2057_Abduls_MBP_Jttl, networkLogs: false, os: Windows, osVersion: 11, projectName: BrowserStack Sample, userName: rahulshettbm6tXG}}}]
Capabilities {}]]>
            </message>
            <full-stacktrace>
              <![CDATA[org.openqa.selenium.SessionNotCreatedException: Could not start a new session. Response code 401. Message: Invalid username or password 
Host info: host: 'Abduls-MBP', ip: '2600:4041:5555:ac00:5dcc:7e82:8af2:53d0%en0'
Build info: version: '4.6.0', revision: '79f1c02ae20'
System info: os.name: 'Mac OS X', os.arch: 'x86_64', os.version: '13.2.1', java.version: '17.0.5'
Driver info: org.openqa.selenium.remote.RemoteWebDriver
Command: [null, newSession {capabilities=[Capabilities {browserName: Firefox, browserVersion: 104.0, bstack:options: {accessKey: avTb7CjxY6Ga6KcdswJe, browser: Firefox, browserName: Firefox, browserVersion: 104.0, browserstackSDK: testng-javaagent/1.2.2, buildIdentifier: #1, buildName: browserstack-build-1, consoleLogs: errors, debug: false, hostName: Abduls-MBP, local: true, localIdentifier: 03_Mar_2057_Abduls_MBP_Jttl, networkLogs: false, os: Windows, osVersion: 11, projectName: BrowserStack Sample, userName: rahulshettbm6tXG}}], desiredCapabilities=Capabilities {browserName: Firefox, browserVersion: 104.0, bstack:options: {accessKey: avTb7CjxY6Ga6KcdswJe, browser: Firefox, browserName: Firefox, browserVersion: 104.0, browserstackSDK: testng-javaagent/1.2.2, buildIdentifier: #1, buildName: browserstack-build-1, consoleLogs: errors, debug: false, hostName: Abduls-MBP, local: true, localIdentifier: 03_Mar_2057_Abduls_MBP_Jttl, networkLogs: false, os: Windows, osVersion: 11, projectName: BrowserStack Sample, userName: rahulshettbm6tXG}}}]
Capabilities {}
at org.openqa.selenium.remote.ProtocolHandshake.createSession(ProtocolHandshake.java:146)
at org.openqa.selenium.remote.ProtocolHandshake.createSession(ProtocolHandshake.java:101)
at org.openqa.selenium.remote.ProtocolHandshake.createSession(ProtocolHandshake.java:67)
at org.openqa.selenium.remote.HttpCommandExecutor.execute(HttpCommandExecutor.java:156)
at org.openqa.selenium.remote.RemoteWebDriver.execute(RemoteWebDriver.java:541)
at org.openqa.selenium.remote.RemoteWebDriver.startSession(RemoteWebDriver.java:242)
at org.openqa.selenium.remote.RemoteWebDriver.<init>(RemoteWebDriver.java:157)
at org.openqa.selenium.remote.RemoteWebDriver.<init>(RemoteWebDriver.java:139)
at rahulshettyacademy.TestDemo.titleCheck(TestDemo.java:22)
at java.base/jdk.internal.reflect.NativeMethodAccessorImpl.invoke0(Native Method)
at java.base/jdk.internal.reflect.NativeMethodAccessorImpl.invoke(NativeMethodAccessorImpl.java:77)
at java.base/jdk.internal.reflect.DelegatingMethodAccessorImpl.invoke(DelegatingMethodAccessorImpl.java:43)
at java.base/java.lang.reflect.Method.invoke(Method.java:568)
at org.testng.internal.MethodInvocationHelper.invokeMethod(MethodInvocationHelper.java:133)
at org.testng.internal.TestInvoker.invokeMethod(TestInvoker.java:598)
at org.testng.internal.TestInvoker.invokeTestMethod(TestInvoker.java:173)
at org.testng.internal.MethodRunner.runInSequence(MethodRunner.java:46)
at org.testng.internal.TestInvoker$MethodInvocationAgent.invoke(TestInvoker.java:824)
at org.testng.internal.TestInvoker.invokeTestMethods(TestInvoker.java:146)
at org.testng.internal.TestMethodWorker.invokeTestMethods(TestMethodWorker.java:146)
at org.testng.internal.TestMethodWorker.run(TestMethodWorker.java:128)
at java.base/java.util.ArrayList.forEach(ArrayList.java:1511)
at org.testng.TestRunner.privateRun(TestRunner.java:794)
at org.testng.TestRunner.run(TestRunner.java:596)
at org.testng.SuiteRunner.runTest(SuiteRunner.java:377)
at org.testng.SuiteRunner.access$000(SuiteRunner.java:28)
at org.testng.SuiteRunner$SuiteWorker.run(SuiteRunner.java:418)
at org.testng.internal.thread.ThreadUtil.lambda$execute$0(ThreadUtil.java:64)
at java.base/java.util.concurrent.FutureTask.run(FutureTask.java:264)
at java.base/java.util.concurrent.ThreadPoolExecutor.runWorker(ThreadPoolExecutor.java:1136)
at java.base/java.util.concurrent.ThreadPoolExecutor$Worker.run(ThreadPoolExecutor.java:635)
at java.base/java.lang.Thread.run(Thread.java:833)
]]>
            </full-stacktrace>
          </exception> <!-- org.openqa.selenium.SessionNotCreatedException -->
          <reporter-output>
          </reporter-output>
        </test-method> <!-- titleCheck -->
      </class> <!-- rahulshettyacademy.TestDemo -->
    </test> <!-- Test-0 -->
    <test started-at="2023-03-03T20:58:06 EST" name="Test-1" finished-at="2023-03-03T20:58:07 EST" duration-ms="1426">
      <class name="rahulshettyacademy.TestDemo">
        <test-method signature="titleCheck()[pri:0, instance:rahulshettyacademy.TestDemo@2f2d52ef]" started-at="2023-03-03T20:58:06 EST" name="titleCheck" finished-at="2023-03-03T20:58:07 EST" duration-ms="1384" status="FAIL">
          <exception class="org.openqa.selenium.SessionNotCreatedException">
            <message>
              <![CDATA[Could not start a new session. Response code 401. Message: Invalid username or password 
Host info: host: 'Abduls-MBP', ip: '2600:4041:5555:ac00:5dcc:7e82:8af2:53d0%en0'
Build info: version: '4.6.0', revision: '79f1c02ae20'
System info: os.name: 'Mac OS X', os.arch: 'x86_64', os.version: '13.2.1', java.version: '17.0.5'
Driver info: org.openqa.selenium.remote.RemoteWebDriver
Command: [null, newSession {capabilities=[Capabilities {browserName: Chrome, browserVersion: 106.0, bstack:options: {accessKey: avTb7CjxY6Ga6KcdswJe, browser: Chrome, browserName: Chrome, browserVersion: 106.0, browserstackSDK: testng-javaagent/1.2.2, buildIdentifier: #1, buildName: browserstack-build-1, consoleLogs: errors, debug: false, hostName: Abduls-MBP, local: true, localIdentifier: 03_Mar_2057_Abduls_MBP_Jttl, networkLogs: false, os: OS X, osVersion: Monterey, projectName: BrowserStack Sample, userName: rahulshettbm6tXG}}], desiredCapabilities=Capabilities {browserName: Chrome, browserVersion: 106.0, bstack:options: {accessKey: avTb7CjxY6Ga6KcdswJe, browser: Chrome, browserName: Chrome, browserVersion: 106.0, browserstackSDK: testng-javaagent/1.2.2, buildIdentifier: #1, buildName: browserstack-build-1, consoleLogs: errors, debug: false, hostName: Abduls-MBP, local: true, localIdentifier: 03_Mar_2057_Abduls_MBP_Jttl, networkLogs: false, os: OS X, osVersion: Monterey, projectName: BrowserStack Sample, userName: rahulshettbm6tXG}}}]
Capabilities {}]]>
            </message>
            <full-stacktrace>
              <![CDATA[org.openqa.selenium.SessionNotCreatedException: Could not start a new session. Response code 401. Message: Invalid username or password 
Host info: host: 'Abduls-MBP', ip: '2600:4041:5555:ac00:5dcc:7e82:8af2:53d0%en0'
Build info: version: '4.6.0', revision: '79f1c02ae20'
System info: os.name: 'Mac OS X', os.arch: 'x86_64', os.version: '13.2.1', java.version: '17.0.5'
Driver info: org.openqa.selenium.remote.RemoteWebDriver
Command: [null, newSession {capabilities=[Capabilities {browserName: Chrome, browserVersion: 106.0, bstack:options: {accessKey: avTb7CjxY6Ga6KcdswJe, browser: Chrome, browserName: Chrome, browserVersion: 106.0, browserstackSDK: testng-javaagent/1.2.2, buildIdentifier: #1, buildName: browserstack-build-1, consoleLogs: errors, debug: false, hostName: Abduls-MBP, local: true, localIdentifier: 03_Mar_2057_Abduls_MBP_Jttl, networkLogs: false, os: OS X, osVersion: Monterey, projectName: BrowserStack Sample, userName: rahulshettbm6tXG}}], desiredCapabilities=Capabilities {browserName: Chrome, browserVersion: 106.0, bstack:options: {accessKey: avTb7CjxY6Ga6KcdswJe, browser: Chrome, browserName: Chrome, browserVersion: 106.0, browserstackSDK: testng-javaagent/1.2.2, buildIdentifier: #1, buildName: browserstack-build-1, consoleLogs: errors, debug: false, hostName: Abduls-MBP, local: true, localIdentifier: 03_Mar_2057_Abduls_MBP_Jttl, networkLogs: false, os: OS X, osVersion: Monterey, projectName: BrowserStack Sample, userName: rahulshettbm6tXG}}}]
Capabilities {}
at org.openqa.selenium.remote.ProtocolHandshake.createSession(ProtocolHandshake.java:146)
at org.openqa.selenium.remote.ProtocolHandshake.createSession(ProtocolHandshake.java:101)
at org.openqa.selenium.remote.ProtocolHandshake.createSession(ProtocolHandshake.java:67)
at org.openqa.selenium.remote.HttpCommandExecutor.execute(HttpCommandExecutor.java:156)
at org.openqa.selenium.remote.RemoteWebDriver.execute(RemoteWebDriver.java:541)
at org.openqa.selenium.remote.RemoteWebDriver.startSession(RemoteWebDriver.java:242)
at org.openqa.selenium.remote.RemoteWebDriver.<init>(RemoteWebDriver.java:157)
at org.openqa.selenium.remote.RemoteWebDriver.<init>(RemoteWebDriver.java:139)
at rahulshettyacademy.TestDemo.titleCheck(TestDemo.java:22)
at java.base/jdk.internal.reflect.NativeMethodAccessorImpl.invoke0(Native Method)
at java.base/jdk.internal.reflect.NativeMethodAccessorImpl.invoke(NativeMethodAccessorImpl.java:77)
at java.base/jdk.internal.reflect.DelegatingMethodAccessorImpl.invoke(DelegatingMethodAccessorImpl.java:43)
at java.base/java.lang.reflect.Method.invoke(Method.java:568)
at org.testng.internal.MethodInvocationHelper.invokeMethod(MethodInvocationHelper.java:133)
at org.testng.internal.TestInvoker.invokeMethod(TestInvoker.java:598)
at org.testng.internal.TestInvoker.invokeTestMethod(TestInvoker.java:173)
at org.testng.internal.MethodRunner.runInSequence(MethodRunner.java:46)
at org.testng.internal.TestInvoker$MethodInvocationAgent.invoke(TestInvoker.java:824)
at org.testng.internal.TestInvoker.invokeTestMethods(TestInvoker.java:146)
at org.testng.internal.TestMethodWorker.invokeTestMethods(TestMethodWorker.java:146)
at org.testng.internal.TestMethodWorker.run(TestMethodWorker.java:128)
at java.base/java.util.ArrayList.forEach(ArrayList.java:1511)
at org.testng.TestRunner.privateRun(TestRunner.java:794)
at org.testng.TestRunner.run(TestRunner.java:596)
at org.testng.SuiteRunner.runTest(SuiteRunner.java:377)
at org.testng.SuiteRunner.access$000(SuiteRunner.java:28)
at org.testng.SuiteRunner$SuiteWorker.run(SuiteRunner.java:418)
at org.testng.internal.thread.ThreadUtil.lambda$execute$0(ThreadUtil.java:64)
at java.base/java.util.concurrent.FutureTask.run(FutureTask.java:264)
at java.base/java.util.concurrent.ThreadPoolExecutor.runWorker(ThreadPoolExecutor.java:1136)
at java.base/java.util.concurrent.ThreadPoolExecutor$Worker.run(ThreadPoolExecutor.java:635)
at java.base/java.lang.Thread.run(Thread.java:833)
]]>
            </full-stacktrace>
          </exception> <!-- org.openqa.selenium.SessionNotCreatedException -->
          <reporter-output>
          </reporter-output>
        </test-method> <!-- titleCheck -->
      </class> <!-- rahulshettyacademy.TestDemo -->
    </test> <!-- Test-1 -->
    <test started-at="2023-03-03T20:58:07 EST" name="TestGoogle-1" finished-at="2023-03-03T20:58:09 EST" duration-ms="1677">
      <class name="rahulshettyacademy.TestDemo2">
        <test-method signature="titleCheckGoogle()[pri:0, instance:rahulshettyacademy.TestDemo2@21422231]" started-at="2023-03-03T20:58:07 EST" name="titleCheckGoogle" finished-at="2023-03-03T20:58:09 EST" duration-ms="1673" status="FAIL">
          <exception class="org.openqa.selenium.SessionNotCreatedException">
            <message>
              <![CDATA[Could not start a new session. Response code 401. Message: Invalid username or password 
Host info: host: 'Abduls-MBP', ip: '2600:4041:5555:ac00:5dcc:7e82:8af2:53d0%en0'
Build info: version: '4.6.0', revision: '79f1c02ae20'
System info: os.name: 'Mac OS X', os.arch: 'x86_64', os.version: '13.2.1', java.version: '17.0.5'
Driver info: org.openqa.selenium.remote.RemoteWebDriver
Command: [null, newSession {capabilities=[Capabilities {browserName: Chrome, browserVersion: 106.0, bstack:options: {accessKey: avTb7CjxY6Ga6KcdswJe, browser: Chrome, browserName: Chrome, browserVersion: 106.0, browserstackSDK: testng-javaagent/1.2.2, buildIdentifier: #1, buildName: browserstack-build-1, consoleLogs: errors, debug: false, hostName: Abduls-MBP, local: true, localIdentifier: 03_Mar_2057_Abduls_MBP_Jttl, networkLogs: false, os: OS X, osVersion: Monterey, projectName: BrowserStack Sample, userName: rahulshettbm6tXG}}], desiredCapabilities=Capabilities {browserName: Chrome, browserVersion: 106.0, bstack:options: {accessKey: avTb7CjxY6Ga6KcdswJe, browser: Chrome, browserName: Chrome, browserVersion: 106.0, browserstackSDK: testng-javaagent/1.2.2, buildIdentifier: #1, buildName: browserstack-build-1, consoleLogs: errors, debug: false, hostName: Abduls-MBP, local: true, localIdentifier: 03_Mar_2057_Abduls_MBP_Jttl, networkLogs: false, os: OS X, osVersion: Monterey, projectName: BrowserStack Sample, userName: rahulshettbm6tXG}}}]
Capabilities {}]]>
            </message>
            <full-stacktrace>
              <![CDATA[org.openqa.selenium.SessionNotCreatedException: Could not start a new session. Response code 401. Message: Invalid username or password 
Host info: host: 'Abduls-MBP', ip: '2600:4041:5555:ac00:5dcc:7e82:8af2:53d0%en0'
Build info: version: '4.6.0', revision: '79f1c02ae20'
System info: os.name: 'Mac OS X', os.arch: 'x86_64', os.version: '13.2.1', java.version: '17.0.5'
Driver info: org.openqa.selenium.remote.RemoteWebDriver
Command: [null, newSession {capabilities=[Capabilities {browserName: Chrome, browserVersion: 106.0, bstack:options: {accessKey: avTb7CjxY6Ga6KcdswJe, browser: Chrome, browserName: Chrome, browserVersion: 106.0, browserstackSDK: testng-javaagent/1.2.2, buildIdentifier: #1, buildName: browserstack-build-1, consoleLogs: errors, debug: false, hostName: Abduls-MBP, local: true, localIdentifier: 03_Mar_2057_Abduls_MBP_Jttl, networkLogs: false, os: OS X, osVersion: Monterey, projectName: BrowserStack Sample, userName: rahulshettbm6tXG}}], desiredCapabilities=Capabilities {browserName: Chrome, browserVersion: 106.0, bstack:options: {accessKey: avTb7CjxY6Ga6KcdswJe, browser: Chrome, browserName: Chrome, browserVersion: 106.0, browserstackSDK: testng-javaagent/1.2.2, buildIdentifier: #1, buildName: browserstack-build-1, consoleLogs: errors, debug: false, hostName: Abduls-MBP, local: true, localIdentifier: 03_Mar_2057_Abduls_MBP_Jttl, networkLogs: false, os: OS X, osVersion: Monterey, projectName: BrowserStack Sample, userName: rahulshettbm6tXG}}}]
Capabilities {}
at org.openqa.selenium.remote.ProtocolHandshake.createSession(ProtocolHandshake.java:146)
at org.openqa.selenium.remote.ProtocolHandshake.createSession(ProtocolHandshake.java:101)
at org.openqa.selenium.remote.ProtocolHandshake.createSession(ProtocolHandshake.java:67)
at org.openqa.selenium.remote.HttpCommandExecutor.execute(HttpCommandExecutor.java:156)
at org.openqa.selenium.remote.RemoteWebDriver.execute(RemoteWebDriver.java:541)
at org.openqa.selenium.remote.RemoteWebDriver.startSession(RemoteWebDriver.java:242)
at org.openqa.selenium.remote.RemoteWebDriver.<init>(RemoteWebDriver.java:157)
at org.openqa.selenium.remote.RemoteWebDriver.<init>(RemoteWebDriver.java:139)
at rahulshettyacademy.TestDemo2.titleCheckGoogle(TestDemo2.java:22)
at java.base/jdk.internal.reflect.NativeMethodAccessorImpl.invoke0(Native Method)
at java.base/jdk.internal.reflect.NativeMethodAccessorImpl.invoke(NativeMethodAccessorImpl.java:77)
at java.base/jdk.internal.reflect.DelegatingMethodAccessorImpl.invoke(DelegatingMethodAccessorImpl.java:43)
at java.base/java.lang.reflect.Method.invoke(Method.java:568)
at org.testng.internal.MethodInvocationHelper.invokeMethod(MethodInvocationHelper.java:133)
at org.testng.internal.TestInvoker.invokeMethod(TestInvoker.java:598)
at org.testng.internal.TestInvoker.invokeTestMethod(TestInvoker.java:173)
at org.testng.internal.MethodRunner.runInSequence(MethodRunner.java:46)
at org.testng.internal.TestInvoker$MethodInvocationAgent.invoke(TestInvoker.java:824)
at org.testng.internal.TestInvoker.invokeTestMethods(TestInvoker.java:146)
at org.testng.internal.TestMethodWorker.invokeTestMethods(TestMethodWorker.java:146)
at org.testng.internal.TestMethodWorker.run(TestMethodWorker.java:128)
at java.base/java.util.ArrayList.forEach(ArrayList.java:1511)
at org.testng.TestRunner.privateRun(TestRunner.java:794)
at org.testng.TestRunner.run(TestRunner.java:596)
at org.testng.SuiteRunner.runTest(SuiteRunner.java:377)
at org.testng.SuiteRunner.access$000(SuiteRunner.java:28)
at org.testng.SuiteRunner$SuiteWorker.run(SuiteRunner.java:418)
at org.testng.internal.thread.ThreadUtil.lambda$execute$0(ThreadUtil.java:64)
at java.base/java.util.concurrent.FutureTask.run(FutureTask.java:264)
at java.base/java.util.concurrent.ThreadPoolExecutor.runWorker(ThreadPoolExecutor.java:1136)
at java.base/java.util.concurrent.ThreadPoolExecutor$Worker.run(ThreadPoolExecutor.java:635)
at java.base/java.lang.Thread.run(Thread.java:833)
]]>
            </full-stacktrace>
          </exception> <!-- org.openqa.selenium.SessionNotCreatedException -->
          <reporter-output>
          </reporter-output>
        </test-method> <!-- titleCheckGoogle -->
      </class> <!-- rahulshettyacademy.TestDemo2 -->
    </test> <!-- TestGoogle-1 -->
    <test started-at="2023-03-03T20:58:07 EST" name="TestGoogle-0" finished-at="2023-03-03T20:58:09 EST" duration-ms="1677">
      <class name="rahulshettyacademy.TestDemo2">
        <test-method signature="titleCheckGoogle()[pri:0, instance:rahulshettyacademy.TestDemo2@1f51431]" started-at="2023-03-03T20:58:07 EST" name="titleCheckGoogle" finished-at="2023-03-03T20:58:09 EST" duration-ms="1673" status="FAIL">
          <exception class="org.openqa.selenium.SessionNotCreatedException">
            <message>
              <![CDATA[Could not start a new session. Response code 401. Message: Invalid username or password 
Host info: host: 'Abduls-MBP', ip: '2600:4041:5555:ac00:5dcc:7e82:8af2:53d0%en0'
Build info: version: '4.6.0', revision: '79f1c02ae20'
System info: os.name: 'Mac OS X', os.arch: 'x86_64', os.version: '13.2.1', java.version: '17.0.5'
Driver info: org.openqa.selenium.remote.RemoteWebDriver
Command: [null, newSession {capabilities=[Capabilities {browserName: Firefox, browserVersion: 104.0, bstack:options: {accessKey: avTb7CjxY6Ga6KcdswJe, browser: Firefox, browserName: Firefox, browserVersion: 104.0, browserstackSDK: testng-javaagent/1.2.2, buildIdentifier: #1, buildName: browserstack-build-1, consoleLogs: errors, debug: false, hostName: Abduls-MBP, local: true, localIdentifier: 03_Mar_2057_Abduls_MBP_Jttl, networkLogs: false, os: Windows, osVersion: 11, projectName: BrowserStack Sample, userName: rahulshettbm6tXG}}], desiredCapabilities=Capabilities {browserName: Firefox, browserVersion: 104.0, bstack:options: {accessKey: avTb7CjxY6Ga6KcdswJe, browser: Firefox, browserName: Firefox, browserVersion: 104.0, browserstackSDK: testng-javaagent/1.2.2, buildIdentifier: #1, buildName: browserstack-build-1, consoleLogs: errors, debug: false, hostName: Abduls-MBP, local: true, localIdentifier: 03_Mar_2057_Abduls_MBP_Jttl, networkLogs: false, os: Windows, osVersion: 11, projectName: BrowserStack Sample, userName: rahulshettbm6tXG}}}]
Capabilities {}]]>
            </message>
            <full-stacktrace>
              <![CDATA[org.openqa.selenium.SessionNotCreatedException: Could not start a new session. Response code 401. Message: Invalid username or password 
Host info: host: 'Abduls-MBP', ip: '2600:4041:5555:ac00:5dcc:7e82:8af2:53d0%en0'
Build info: version: '4.6.0', revision: '79f1c02ae20'
System info: os.name: 'Mac OS X', os.arch: 'x86_64', os.version: '13.2.1', java.version: '17.0.5'
Driver info: org.openqa.selenium.remote.RemoteWebDriver
Command: [null, newSession {capabilities=[Capabilities {browserName: Firefox, browserVersion: 104.0, bstack:options: {accessKey: avTb7CjxY6Ga6KcdswJe, browser: Firefox, browserName: Firefox, browserVersion: 104.0, browserstackSDK: testng-javaagent/1.2.2, buildIdentifier: #1, buildName: browserstack-build-1, consoleLogs: errors, debug: false, hostName: Abduls-MBP, local: true, localIdentifier: 03_Mar_2057_Abduls_MBP_Jttl, networkLogs: false, os: Windows, osVersion: 11, projectName: BrowserStack Sample, userName: rahulshettbm6tXG}}], desiredCapabilities=Capabilities {browserName: Firefox, browserVersion: 104.0, bstack:options: {accessKey: avTb7CjxY6Ga6KcdswJe, browser: Firefox, browserName: Firefox, browserVersion: 104.0, browserstackSDK: testng-javaagent/1.2.2, buildIdentifier: #1, buildName: browserstack-build-1, consoleLogs: errors, debug: false, hostName: Abduls-MBP, local: true, localIdentifier: 03_Mar_2057_Abduls_MBP_Jttl, networkLogs: false, os: Windows, osVersion: 11, projectName: BrowserStack Sample, userName: rahulshettbm6tXG}}}]
Capabilities {}
at org.openqa.selenium.remote.ProtocolHandshake.createSession(ProtocolHandshake.java:146)
at org.openqa.selenium.remote.ProtocolHandshake.createSession(ProtocolHandshake.java:101)
at org.openqa.selenium.remote.ProtocolHandshake.createSession(ProtocolHandshake.java:67)
at org.openqa.selenium.remote.HttpCommandExecutor.execute(HttpCommandExecutor.java:156)
at org.openqa.selenium.remote.RemoteWebDriver.execute(RemoteWebDriver.java:541)
at org.openqa.selenium.remote.RemoteWebDriver.startSession(RemoteWebDriver.java:242)
at org.openqa.selenium.remote.RemoteWebDriver.<init>(RemoteWebDriver.java:157)
at org.openqa.selenium.remote.RemoteWebDriver.<init>(RemoteWebDriver.java:139)
at rahulshettyacademy.TestDemo2.titleCheckGoogle(TestDemo2.java:22)
at java.base/jdk.internal.reflect.NativeMethodAccessorImpl.invoke0(Native Method)
at java.base/jdk.internal.reflect.NativeMethodAccessorImpl.invoke(NativeMethodAccessorImpl.java:77)
at java.base/jdk.internal.reflect.DelegatingMethodAccessorImpl.invoke(DelegatingMethodAccessorImpl.java:43)
at java.base/java.lang.reflect.Method.invoke(Method.java:568)
at org.testng.internal.MethodInvocationHelper.invokeMethod(MethodInvocationHelper.java:133)
at org.testng.internal.TestInvoker.invokeMethod(TestInvoker.java:598)
at org.testng.internal.TestInvoker.invokeTestMethod(TestInvoker.java:173)
at org.testng.internal.MethodRunner.runInSequence(MethodRunner.java:46)
at org.testng.internal.TestInvoker$MethodInvocationAgent.invoke(TestInvoker.java:824)
at org.testng.internal.TestInvoker.invokeTestMethods(TestInvoker.java:146)
at org.testng.internal.TestMethodWorker.invokeTestMethods(TestMethodWorker.java:146)
at org.testng.internal.TestMethodWorker.run(TestMethodWorker.java:128)
at java.base/java.util.ArrayList.forEach(ArrayList.java:1511)
at org.testng.TestRunner.privateRun(TestRunner.java:794)
at org.testng.TestRunner.run(TestRunner.java:596)
at org.testng.SuiteRunner.runTest(SuiteRunner.java:377)
at org.testng.SuiteRunner.access$000(SuiteRunner.java:28)
at org.testng.SuiteRunner$SuiteWorker.run(SuiteRunner.java:418)
at org.testng.internal.thread.ThreadUtil.lambda$execute$0(ThreadUtil.java:64)
at java.base/java.util.concurrent.FutureTask.run(FutureTask.java:264)
at java.base/java.util.concurrent.ThreadPoolExecutor.runWorker(ThreadPoolExecutor.java:1136)
at java.base/java.util.concurrent.ThreadPoolExecutor$Worker.run(ThreadPoolExecutor.java:635)
at java.base/java.lang.Thread.run(Thread.java:833)
]]>
            </full-stacktrace>
          </exception> <!-- org.openqa.selenium.SessionNotCreatedException -->
          <reporter-output>
          </reporter-output>
        </test-method> <!-- titleCheckGoogle -->
      </class> <!-- rahulshettyacademy.TestDemo2 -->
    </test> <!-- TestGoogle-0 -->
  </suite> <!-- Suite -->
</testng-results>
