<?xml version="1.0" encoding="UTF-8"?>
<!-- Generated by org.testng.reporters.JUnitXMLReporter -->
<testsuite ignored="0" hostname="Abduls-MBP" failures="1" tests="1" name="Test-1" time="1.426" errors="0" timestamp="2023-03-03T20:58:07 EST">
  <testcase classname="rahulshettyacademy.TestDemo" name="titleCheck" time="1.384">
    <failure type="org.openqa.selenium.SessionNotCreatedException" message="Could not start a new session. Response code 401. Message: Invalid username or password 
Host info: host: &amp;apos;Abduls-MBP&amp;apos;, ip: &amp;apos;2600:4041:5555:ac00:5dcc:7e82:8af2:53d0%en0&amp;apos;
Build info: version: &amp;apos;4.6.0&amp;apos;, revision: &amp;apos;79f1c02ae20&amp;apos;
System info: os.name: &amp;apos;Mac OS X&amp;apos;, os.arch: &amp;apos;x86_64&amp;apos;, os.version: &amp;apos;13.2.1&amp;apos;, java.version: &amp;apos;17.0.5&amp;apos;
Driver info: org.openqa.selenium.remote.RemoteWebDriver
Command: [null, newSession {capabilities=[Capabilities {browserName: Chrome, browserVersion: 106.0, bstack:options: {accessKey: avTb7CjxY6Ga6KcdswJe, browser: Chrome, browserName: Chrome, browserVersion: 106.0, browserstackSDK: testng-javaagent/1.2.2, buildIdentifier: #1, buildName: browserstack-build-1, consoleLogs: errors, debug: false, hostName: Abduls-MBP, local: true, localIdentifier: 03_Mar_2057_Abduls_MBP_Jttl, networkLogs: false, os: OS X, osVersion: Monterey, projectName: BrowserStack Sample, userName: rahulshettbm6tXG}}], desiredCapabilities=Capabilities {browserName: Chrome, browserVersion: 106.0, bstack:options: {accessKey: avTb7CjxY6Ga6KcdswJe, browser: Chrome, browserName: Chrome, browserVersion: 106.0, browserstackSDK: testng-javaagent/1.2.2, buildIdentifier: #1, buildName: browserstack-build-1, consoleLogs: errors, debug: false, hostName: Abduls-MBP, local: true, localIdentifier: 03_Mar_2057_Abduls_MBP_Jttl, networkLogs: false, os: OS X, osVersion: Monterey, projectName: BrowserStack Sample, userName: rahulshettbm6tXG}}}]
Capabilities {}">
      <![CDATA[org.openqa.selenium.SessionNotCreatedException: Could not start a new session. Response code 401. Message: Invalid username or password 
Host info: host: 'Abduls-MBP', ip: '2600:4041:5555:ac00:5dcc:7e82:8af2:53d0%en0'
Build info: version: '4.6.0', revision: '79f1c02ae20'
System info: os.name: 'Mac OS X', os.arch: 'x86_64', os.version: '13.2.1', java.version: '17.0.5'
Driver info: org.openqa.selenium.remote.RemoteWebDriver
Command: [null, newSession {capabilities=[Capabilities {browserName: Chrome, browserVersion: 106.0, bstack:options: {accessKey: avTb7CjxY6Ga6KcdswJe, browser: Chrome, browserName: Chrome, browserVersion: 106.0, browserstackSDK: testng-javaagent/1.2.2, buildIdentifier: #1, buildName: browserstack-build-1, consoleLogs: errors, debug: false, hostName: Abduls-MBP, local: true, localIdentifier: 03_Mar_2057_Abduls_MBP_Jttl, networkLogs: false, os: OS X, osVersion: Monterey, projectName: BrowserStack Sample, userName: rahulshettbm6tXG}}], desiredCapabilities=Capabilities {browserName: Chrome, browserVersion: 106.0, bstack:options: {accessKey: avTb7CjxY6Ga6KcdswJe, browser: Chrome, browserName: Chrome, browserVersion: 106.0, browserstackSDK: testng-javaagent/1.2.2, buildIdentifier: #1, buildName: browserstack-build-1, consoleLogs: errors, debug: false, hostName: Abduls-MBP, local: true, localIdentifier: 03_Mar_2057_Abduls_MBP_Jttl, networkLogs: false, os: OS X, osVersion: Monterey, projectName: BrowserStack Sample, userName: rahulshettbm6tXG}}}]
Capabilities {}
at org.openqa.selenium.remote.ProtocolHandshake.createSession(ProtocolHandshake.java:146)
at org.openqa.selenium.remote.ProtocolHandshake.createSession(ProtocolHandshake.java:101)
at org.openqa.selenium.remote.ProtocolHandshake.createSession(ProtocolHandshake.java:67)
at org.openqa.selenium.remote.HttpCommandExecutor.execute(HttpCommandExecutor.java:156)
at org.openqa.selenium.remote.RemoteWebDriver.execute(RemoteWebDriver.java:541)
at org.openqa.selenium.remote.RemoteWebDriver.startSession(RemoteWebDriver.java:242)
at org.openqa.selenium.remote.RemoteWebDriver.<init>(RemoteWebDriver.java:157)
at org.openqa.selenium.remote.RemoteWebDriver.<init>(RemoteWebDriver.java:139)
at rahulshettyacademy.TestDemo.titleCheck(TestDemo.java:22)
at java.base/java.util.ArrayList.forEach(ArrayList.java:1511)
at java.base/java.util.concurrent.FutureTask.run(FutureTask.java:264)
at java.base/java.util.concurrent.ThreadPoolExecutor.runWorker(ThreadPoolExecutor.java:1136)
at java.base/java.util.concurrent.ThreadPoolExecutor$Worker.run(ThreadPoolExecutor.java:635)
at java.base/java.lang.Thread.run(Thread.java:833)
... Removed 18 stack frames]]>
    </failure>
  </testcase> <!-- titleCheck -->
</testsuite> <!-- Test-1 -->
