<?xml version="1.0" encoding="UTF-8"?>
<!-- Generated by org.testng.reporters.JUnitXMLReporter -->
<testsuite ignored="3" hostname="Abduls-MBP" failures="1" tests="1" name="Test" time="0.049" errors="0" timestamp="2023-01-19T00:11:25 EST">
  <testcase classname="saucedemo.BaseSaucedemo" name="@BeforeSuite beforeSuite" time="0.01">
    <failure type="java.lang.NoClassDefFoundError" message="org/openqa/selenium/HasAuthentication">
      <![CDATA[java.lang.NoClassDefFoundError: org/openqa/selenium/HasAuthentication
at java.base/java.lang.ClassLoader.defineClass1(Native Method)
at java.base/java.lang.ClassLoader.defineClass(ClassLoader.java:1012)
at java.base/java.security.SecureClassLoader.defineClass(SecureClassLoader.java:150)
at java.base/jdk.internal.loader.BuiltinClassLoader.defineClass(BuiltinClassLoader.java:862)
at java.base/jdk.internal.loader.BuiltinClassLoader.findClassOnClassPathOrNull(BuiltinClassLoader.java:760)
at java.base/jdk.internal.loader.BuiltinClassLoader.loadClassOrNull(BuiltinClassLoader.java:681)
at java.base/jdk.internal.loader.BuiltinClassLoader.loadClass(BuiltinClassLoader.java:639)
at java.base/jdk.internal.loader.ClassLoaders$AppClassLoader.loadClass(ClassLoaders.java:188)
at java.base/java.lang.ClassLoader.loadClass(ClassLoader.java:520)
at java.base/java.lang.ClassLoader.defineClass1(Native Method)
at java.base/java.lang.ClassLoader.defineClass(ClassLoader.java:1012)
at java.base/java.security.SecureClassLoader.defineClass(SecureClassLoader.java:150)
at java.base/jdk.internal.loader.BuiltinClassLoader.defineClass(BuiltinClassLoader.java:862)
at java.base/jdk.internal.loader.BuiltinClassLoader.findClassOnClassPathOrNull(BuiltinClassLoader.java:760)
at java.base/jdk.internal.loader.BuiltinClassLoader.loadClassOrNull(BuiltinClassLoader.java:681)
at java.base/jdk.internal.loader.BuiltinClassLoader.loadClass(BuiltinClassLoader.java:639)
at java.base/jdk.internal.loader.ClassLoaders$AppClassLoader.loadClass(ClassLoaders.java:188)
at java.base/java.lang.ClassLoader.loadClass(ClassLoader.java:520)
at saucedemo.BaseSaucedemo.beforeSuite(BaseSaucedemo.java:65)
Caused by: java.lang.ClassNotFoundException: org.openqa.selenium.HasAuthentication
at java.base/jdk.internal.loader.BuiltinClassLoader.loadClass(BuiltinClassLoader.java:641)
at java.base/jdk.internal.loader.ClassLoaders$AppClassLoader.loadClass(ClassLoaders.java:188)
at java.base/java.lang.ClassLoader.loadClass(ClassLoader.java:520)
... 38 more
... Removed 19 stack frames]]>
    </failure>
  </testcase> <!-- @BeforeSuite beforeSuite -->
  <testcase classname="saucedemo.BaseSaucedemo" name="@BeforeTest beforeTest" time="-1.674105085866E9">
    <skipped/>
  </testcase> <!-- @BeforeTest beforeTest -->
  <testcase classname="saucedemo.BaseSaucedemo" name="@BeforeClass beforeClass" time="-1.674105085897E9">
    <skipped/>
  </testcase> <!-- @BeforeClass beforeClass -->
  <testcase classname="saucedemo.BaseSaucedemo" name="@AfterClass afterClass" time="-1.674105085905E9">
    <skipped/>
  </testcase> <!-- @AfterClass afterClass -->
  <testcase classname="saucedemo.BaseSaucedemo" name="@AfterTest afterTest" time="-1.67410508591E9">
    <skipped/>
  </testcase> <!-- @AfterTest afterTest -->
  <testcase classname="saucedemo.PracticeTest" name="myTest" time="0.0">
    <failure type="org.testng.TestNGException" message="
Parameter &amp;apos;URL&amp;apos; is required by @Test on method myTest but has not been marked @Optional or defined
in /Users/basith301/eclipse-workspace/basith30/testng2.xml">
      <![CDATA[org.testng.TestNGException: 
Parameter 'URL' is required by @Test on method myTest but has not been marked @Optional or defined
in /Users/basith301/eclipse-workspace/basith30/testng2.xml
at java.base/java.util.ArrayList.forEach(ArrayList.java:1511)
... Removed 26 stack frames]]>
    </failure>
  </testcase> <!-- myTest -->
  <testcase classname="saucedemo.PracticeTest" name="drinksFanta" time="0.0">
    <ignored/>
  </testcase> <!-- drinksFanta -->
  <testcase classname="saucedemo.PracticeTest" name="drinksPepsi" time="0.0">
    <ignored/>
  </testcase> <!-- drinksPepsi -->
  <testcase classname="saucedemo.PracticeTest" name="drinksCoke" time="0.0">
    <ignored/>
  </testcase> <!-- drinksCoke -->
</testsuite> <!-- Test -->
