<?xml version="1.0" encoding="UTF-8"?>
<!-- Generated by org.testng.reporters.JUnitXMLReporter -->
<testsuite ignored="0" hostname="Abduls-MBP" failures="2" tests="4" name="Test" time="9.521" errors="0" timestamp="2023-02-27T21:31:00 EST">
  <testcase classname="miscellaneous.Pagination" name="greenkartShopping" time="0.413">
    <failure type="org.openqa.selenium.SessionNotCreatedException" message="Could not start a new session. Response code 500. Message: Could not start a new session. Could not start a new session. null 
Host info: host: &amp;apos;Abduls-MBP&amp;apos;, ip: &amp;apos;2600:4041:5555:ac00:d986:9814:2f54:db3f%en0&amp;apos;
Build info: version: &amp;apos;4.8.1&amp;apos;, revision: &amp;apos;8ebccac989&amp;apos;
System info: os.name: &amp;apos;Mac OS X&amp;apos;, os.arch: &amp;apos;aarch64&amp;apos;, os.version: &amp;apos;13.2.1&amp;apos;, java.version: &amp;apos;17.0.5&amp;apos;
Driver info: driver.version: unknown
Build info: version: &amp;apos;4.8.1&amp;apos;, revision: &amp;apos;8ebccac989&amp;apos;
System info: os.name: &amp;apos;Mac OS X&amp;apos;, os.arch: &amp;apos;aarch64&amp;apos;, os.version: &amp;apos;13.2.1&amp;apos;, java.version: &amp;apos;17.0.5&amp;apos;
Driver info: driver.version: unknown
Build info: version: &amp;apos;4.7.2&amp;apos;, revision: &amp;apos;4d4020c3b7&amp;apos;
System info: os.name: &amp;apos;Mac OS X&amp;apos;, os.arch: &amp;apos;aarch64&amp;apos;, os.version: &amp;apos;13.2.1&amp;apos;, java.version: &amp;apos;17.0.5&amp;apos;
Driver info: org.openqa.selenium.remote.RemoteWebDriver
Command: [null, newSession {capabilities=[Capabilities {browserName: safari}], desiredCapabilities=Capabilities {browserName: safari}}]
Capabilities {}">
      <![CDATA[org.openqa.selenium.SessionNotCreatedException: Could not start a new session. Response code 500. Message: Could not start a new session. Could not start a new session. null 
Host info: host: 'Abduls-MBP', ip: '2600:4041:5555:ac00:d986:9814:2f54:db3f%en0'
Build info: version: '4.8.1', revision: '8ebccac989'
System info: os.name: 'Mac OS X', os.arch: 'aarch64', os.version: '13.2.1', java.version: '17.0.5'
Driver info: driver.version: unknown
Build info: version: '4.8.1', revision: '8ebccac989'
System info: os.name: 'Mac OS X', os.arch: 'aarch64', os.version: '13.2.1', java.version: '17.0.5'
Driver info: driver.version: unknown
Build info: version: '4.7.2', revision: '4d4020c3b7'
System info: os.name: 'Mac OS X', os.arch: 'aarch64', os.version: '13.2.1', java.version: '17.0.5'
Driver info: org.openqa.selenium.remote.RemoteWebDriver
Command: [null, newSession {capabilities=[Capabilities {browserName: safari}], desiredCapabilities=Capabilities {browserName: safari}}]
Capabilities {}
at org.openqa.selenium.remote.ProtocolHandshake.createSession(ProtocolHandshake.java:148)
at org.openqa.selenium.remote.ProtocolHandshake.createSession(ProtocolHandshake.java:106)
at org.openqa.selenium.remote.ProtocolHandshake.createSession(ProtocolHandshake.java:67)
at org.openqa.selenium.remote.HttpCommandExecutor.execute(HttpCommandExecutor.java:156)
at org.openqa.selenium.remote.TracedCommandExecutor.execute(TracedCommandExecutor.java:51)
at org.openqa.selenium.remote.RemoteWebDriver.execute(RemoteWebDriver.java:535)
at org.openqa.selenium.remote.RemoteWebDriver.startSession(RemoteWebDriver.java:228)
at org.openqa.selenium.remote.RemoteWebDriver.<init>(RemoteWebDriver.java:156)
at org.openqa.selenium.remote.RemoteWebDriver.<init>(RemoteWebDriver.java:138)
at miscellaneous.Pagination.greenkartShopping(Pagination.java:22)
at java.base/java.util.concurrent.ThreadPoolExecutor.runWorker(ThreadPoolExecutor.java:1136)
at java.base/java.util.concurrent.ThreadPoolExecutor$Worker.run(ThreadPoolExecutor.java:635)
at java.base/java.lang.Thread.run(Thread.java:833)
... Removed 12 stack frames]]>
    </failure>
  </testcase> <!-- greenkartShopping -->
  <testcase classname="basith301.SeleniumFramework.Practice" name="bedssl" time="2.691"/>
  <testcase classname="miscellaneous.MiscellaneousTest" name="calanderPractice" time="5.887">
    <failure type="org.openqa.selenium.ElementClickInterceptedException" message="Element &amp;lt;span class=&amp;quot;sR_k-date sR_k-mod-hide-arrows sR_k-mod-active&amp;quot;&amp;gt; is not clickable at point (1177,234) because another element &amp;lt;iframe src=&amp;quot;https://accounts.google.com/gsi/iframe/select?client_id=446009525344-j420p21u4ap0114qr1fnrk8bhq4f2il1.apps.googleusercontent.com&amp;amp;ux_mode=popup&amp;amp;ui_mode=card&amp;amp;as=QnBOF2%2BIg%2BMndXNTcKXpig&amp;amp;is_itp=true&amp;amp;channel_id=6f1bc2169f000af7f07e6fd03460525968a77ffd652425c158b1df7d397f23ec&amp;amp;origin=https%3A%2F%2Fwww.kayak.com&amp;quot;&amp;gt; obscures it
Build info: version: &amp;apos;4.7.2&amp;apos;, revision: &amp;apos;4d4020c3b7&amp;apos;
System info: os.name: &amp;apos;Mac OS X&amp;apos;, os.arch: &amp;apos;aarch64&amp;apos;, os.version: &amp;apos;13.2.1&amp;apos;, java.version: &amp;apos;17.0.5&amp;apos;
Driver info: org.openqa.selenium.remote.RemoteWebDriver
Command: [94c19a81-9fed-45f6-b38d-b2bd5a2ae1bb, clickElement {id=5a5fd4ad-d1a6-4c9f-ac80-4f469d19e66e}]
Capabilities {acceptInsecureCerts: false, browserName: firefox, browserVersion: 110.0, moz:accessibilityChecks: false, moz:buildID: 20230214051806, moz:geckodriverVersion: 0.32.2, moz:headless: false, moz:platformVersion: 22.3.0, moz:processID: 6379, moz:profile: /var/folders/cl/s9txh2jx6bx..., moz:shutdownTimeout: 60000, moz:useNonSpecCompliantPointerOrigin: false, moz:webdriverClick: true, moz:windowless: false, pageLoadStrategy: normal, platformName: MAC, proxy: Proxy(), se:bidi: ws://192.168.1.174:4444/ses..., se:cdp: ws://192.168.1.174:4444/ses..., setWindowRect: true, strictFileInteractability: false, timeouts: {implicit: 0, pageLoad: 300000, script: 30000}, unhandledPromptBehavior: dismiss and notify}
Element: [[RemoteWebDriver: firefox on MAC (94c19a81-9fed-45f6-b38d-b2bd5a2ae1bb)] -&amp;gt; css selector: span[aria-label=&amp;apos;End date calendar input&amp;apos;]]
Session ID: 94c19a81-9fed-45f6-b38d-b2bd5a2ae1bb">
      <![CDATA[org.openqa.selenium.ElementClickInterceptedException: Element <span class="sR_k-date sR_k-mod-hide-arrows sR_k-mod-active"> is not clickable at point (1177,234) because another element <iframe src="https://accounts.google.com/gsi/iframe/select?client_id=446009525344-j420p21u4ap0114qr1fnrk8bhq4f2il1.apps.googleusercontent.com&ux_mode=popup&ui_mode=card&as=QnBOF2%2BIg%2BMndXNTcKXpig&is_itp=true&channel_id=6f1bc2169f000af7f07e6fd03460525968a77ffd652425c158b1df7d397f23ec&origin=https%3A%2F%2Fwww.kayak.com"> obscures it
Build info: version: '4.7.2', revision: '4d4020c3b7'
System info: os.name: 'Mac OS X', os.arch: 'aarch64', os.version: '13.2.1', java.version: '17.0.5'
Driver info: org.openqa.selenium.remote.RemoteWebDriver
Command: [94c19a81-9fed-45f6-b38d-b2bd5a2ae1bb, clickElement {id=5a5fd4ad-d1a6-4c9f-ac80-4f469d19e66e}]
Capabilities {acceptInsecureCerts: false, browserName: firefox, browserVersion: 110.0, moz:accessibilityChecks: false, moz:buildID: 20230214051806, moz:geckodriverVersion: 0.32.2, moz:headless: false, moz:platformVersion: 22.3.0, moz:processID: 6379, moz:profile: /var/folders/cl/s9txh2jx6bx..., moz:shutdownTimeout: 60000, moz:useNonSpecCompliantPointerOrigin: false, moz:webdriverClick: true, moz:windowless: false, pageLoadStrategy: normal, platformName: MAC, proxy: Proxy(), se:bidi: ws://192.168.1.174:4444/ses..., se:cdp: ws://192.168.1.174:4444/ses..., setWindowRect: true, strictFileInteractability: false, timeouts: {implicit: 0, pageLoad: 300000, script: 30000}, unhandledPromptBehavior: dismiss and notify}
Element: [[RemoteWebDriver: firefox on MAC (94c19a81-9fed-45f6-b38d-b2bd5a2ae1bb)] -> css selector: span[aria-label='End date calendar input']]
Session ID: 94c19a81-9fed-45f6-b38d-b2bd5a2ae1bb
at org.openqa.selenium.remote.codec.w3c.W3CHttpResponseCodec.createException(W3CHttpResponseCodec.java:200)
at org.openqa.selenium.remote.codec.w3c.W3CHttpResponseCodec.decode(W3CHttpResponseCodec.java:133)
at org.openqa.selenium.remote.codec.w3c.W3CHttpResponseCodec.decode(W3CHttpResponseCodec.java:53)
at org.openqa.selenium.remote.HttpCommandExecutor.execute(HttpCommandExecutor.java:184)
at org.openqa.selenium.remote.TracedCommandExecutor.execute(TracedCommandExecutor.java:51)
at org.openqa.selenium.remote.RemoteWebDriver.execute(RemoteWebDriver.java:535)
at org.openqa.selenium.remote.RemoteWebElement.execute(RemoteWebElement.java:257)
at org.openqa.selenium.remote.RemoteWebElement.click(RemoteWebElement.java:78)
at miscellaneous.MiscellaneousTest.calanderPractice(MiscellaneousTest.java:41)
at java.base/java.util.concurrent.ThreadPoolExecutor.runWorker(ThreadPoolExecutor.java:1136)
at java.base/java.util.concurrent.ThreadPoolExecutor$Worker.run(ThreadPoolExecutor.java:635)
at java.base/java.lang.Thread.run(Thread.java:833)
... Removed 17 stack frames]]>
    </failure>
  </testcase> <!-- calanderPractice -->
  <testcase classname="miscellaneous.Instacart" name="shopping" time="9.504"/>
</testsuite> <!-- Test -->
