<?xml version="1.0" encoding="UTF-8"?>
<!-- Generated by org.testng.reporters.JUnitReportReporter -->
<testsuite hostname="Abduls-MBP" failures="0" tests="7" name="saucedemo.SaucedemoPageTest" time="0.002" errors="1" timestamp="2023-03-03T19:53:01 EST" skipped="2">
  <testcase classname="saucedemo.SaucedemoPageTest" name="loudwebsite" time="0.000">
    <error message="
Parameter &#039;URL&#039; is required by @Test on method loudwebsite but has not been marked @Optional or defined
in /Users/basith301/eclipse-workspace/basith30/testng.xml" type="org.testng.TestNGException">
      <![CDATA[org.testng.TestNGException: 
Parameter 'URL' is required by @Test on method loudwebsite but has not been marked @Optional or defined
in /Users/basith301/eclipse-workspace/basith30/testng.xml
at org.testng.internal.Parameters.createParams(Parameters.java:267)
at org.testng.internal.Parameters.createParametersForMethod(Parameters.java:355)
at org.testng.internal.Parameters.createParameters(Parameters.java:684)
at org.testng.internal.Parameters.handleParameters(Parameters.java:879)
at org.testng.internal.Parameters.handleParameters(Parameters.java:728)
at org.testng.internal.invokers.ParameterHandler.handleParameters(ParameterHandler.java:72)
at org.testng.internal.invokers.ParameterHandler.createParameters(ParameterHandler.java:51)
at org.testng.internal.invokers.TestInvoker$MethodInvocationAgent.invoke(TestInvoker.java:924)
at org.testng.internal.invokers.TestInvoker.invokeTestMethods(TestInvoker.java:194)
at org.testng.internal.invokers.TestMethodWorker.invokeTestMethods(TestMethodWorker.java:148)
at org.testng.internal.invokers.TestMethodWorker.run(TestMethodWorker.java:128)
at java.base/java.util.ArrayList.forEach(ArrayList.java:1511)
at org.testng.TestRunner.privateRun(TestRunner.java:829)
at org.testng.TestRunner.run(TestRunner.java:602)
at org.testng.SuiteRunner.runTest(SuiteRunner.java:437)
at org.testng.SuiteRunner.runSequentially(SuiteRunner.java:431)
at org.testng.SuiteRunner.privateRun(SuiteRunner.java:391)
at org.testng.SuiteRunner.run(SuiteRunner.java:330)
at org.testng.SuiteRunnerWorker.runSuite(SuiteRunnerWorker.java:52)
at org.testng.SuiteRunnerWorker.run(SuiteRunnerWorker.java:95)
at org.testng.TestNG.runSuitesSequentially(TestNG.java:1256)
at org.testng.TestNG.runSuitesLocally(TestNG.java:1176)
at org.testng.TestNG.runSuites(TestNG.java:1099)
at org.testng.TestNG.run(TestNG.java:1067)
at org.apache.maven.surefire.testng.TestNGExecutor.run(TestNGExecutor.java:324)
at org.apache.maven.surefire.testng.TestNGXmlTestSuite.execute(TestNGXmlTestSuite.java:74)
at org.apache.maven.surefire.testng.TestNGProvider.invoke(TestNGProvider.java:123)
at org.apache.maven.surefire.booter.ForkedBooter.runSuitesInProcess(ForkedBooter.java:456)
at org.apache.maven.surefire.booter.ForkedBooter.execute(ForkedBooter.java:169)
at org.apache.maven.surefire.booter.ForkedBooter.run(ForkedBooter.java:595)
at org.apache.maven.surefire.booter.ForkedBooter.main(ForkedBooter.java:581)
]]>
    </error>
  </testcase> <!-- loudwebsite -->
  <system-out/>
  <testcase classname="saucedemo.SaucedemoPageTest" name="login" time="0.000"/>
  <system-out/>
  <testcase classname="saucedemo.SaucedemoPageTest" name="login" time="0.000"/>
  <system-out/>
  <testcase classname="saucedemo.SaucedemoPageTest" name="sortingItems" time="0.000">
    <skipped/>
  </testcase> <!-- sortingItems -->
  <system-out/>
  <testcase classname="saucedemo.SaucedemoPageTest" name="addCart" time="0.000">
    <skipped/>
  </testcase> <!-- addCart -->
  <system-out/>
  <testcase classname="saucedemo.SaucedemoPageTest" name="login" time="0.002"/>
  <system-out/>
  <testcase classname="saucedemo.SaucedemoPageTest" name="login" time="0.000"/>
  <system-out/>
</testsuite> <!-- saucedemo.SaucedemoPageTest -->
