<?xml version="1.0" encoding="UTF-8"?>
<testng-results ignored="0" total="1" passed="0" failed="0" skipped="1">
  <reporter-output>
  </reporter-output>
  <suite started-at="2022-12-07T21:52:47 EST" name="Default suite" finished-at="2022-12-07T21:53:24 EST" duration-ms="37047">
    <groups>
    </groups>
    <test started-at="2022-12-07T21:52:47 EST" name="Default test" finished-at="2022-12-07T21:53:24 EST" duration-ms="37047">
      <class name="bdTech.Emirates.EmiratesPageTest">
        <test-method is-config="true" signature="beforeSuite()[pri:0, instance:bdTech.Emirates.EmiratesPageTest@20ce78ec]" started-at="2022-12-07T21:52:47 EST" name="beforeSuite" finished-at="2022-12-07T21:52:47 EST" duration-ms="3" status="PASS">
          <reporter-output>
          </reporter-output>
        </test-method> <!-- beforeSuite -->
        <test-method is-config="true" signature="beforeTest()[pri:0, instance:bdTech.Emirates.EmiratesPageTest@20ce78ec]" started-at="2022-12-07T21:52:47 EST" name="beforeTest" finished-at="2022-12-07T21:52:47 EST" duration-ms="0" status="PASS">
          <reporter-output>
          </reporter-output>
        </test-method> <!-- beforeTest -->
        <test-method is-config="true" signature="beforeClass()[pri:0, instance:bdTech.Emirates.EmiratesPageTest@20ce78ec]" started-at="2022-12-07T21:52:47 EST" name="beforeClass" finished-at="2022-12-07T21:52:47 EST" duration-ms="0" status="PASS">
          <reporter-output>
          </reporter-output>
        </test-method> <!-- beforeClass -->
        <test-method is-config="true" signature="beforeMethod()[pri:0, instance:bdTech.Emirates.EmiratesPageTest@20ce78ec]" started-at="2022-12-07T21:52:47 EST" name="beforeMethod" finished-at="2022-12-07T21:53:24 EST" duration-ms="37024" status="FAIL">
          <exception class="org.openqa.selenium.SessionNotCreatedException">
            <message>
              <![CDATA[session not created: This version of ChromeDriver only supports Chrome version 96
Current browser version is 108.0.5359.94 with binary path /Applications/Google Chrome.app/Contents/MacOS/Google Chrome
Build info: version: '3.141.59', revision: 'e82be7d358', time: '2018-11-14T08:17:03'
System info: host: 'Abduls-MBP-2', ip: '2600:4041:5555:ac00:286a:1815:9739:c1c5%en0', os.name: 'Mac OS X', os.arch: 'aarch64', os.version: '12.6', java.version: '17.0.1'
Driver info: driver.version: ChromeDriver
remote stacktrace: 0   chromedriver                        0x0000000101122140 __gxx_personality_v0 + 543984
1   chromedriver                        0x00000001010b7c08 __gxx_personality_v0 + 108472
2   chromedriver                        0x0000000100cb67a4 chromedriver + 157604
3   chromedriver                        0x0000000100cd8b2c chromedriver + 297772
4   chromedriver                        0x0000000100cd55cc chromedriver + 284108
5   chromedriver                        0x0000000100cd25e8 chromedriver + 271848
6   chromedriver                        0x0000000100d03d88 chromedriver + 474504
7   chromedriver                        0x0000000100cdb1dc chromedriver + 307676
8   chromedriver                        0x00000001010e55d8 __gxx_personality_v0 + 295304
9   chromedriver                        0x00000001010f95d4 __gxx_personality_v0 + 377220
10  chromedriver                        0x00000001010fdca8 __gxx_personality_v0 + 395352
11  chromedriver                        0x00000001010fa3f4 __gxx_personality_v0 + 380836
12  chromedriver                        0x00000001010db0f0 __gxx_personality_v0 + 253088
13  chromedriver                        0x0000000101113570 __gxx_personality_v0 + 483616
14  chromedriver                        0x00000001011136e4 __gxx_personality_v0 + 483988
15  chromedriver                        0x0000000101128d10 __gxx_personality_v0 + 571584
16  libsystem_pthread.dylib             0x000000018d69c26c _pthread_start + 148
17  libsystem_pthread.dylib             0x000000018d69708c thread_start + 8
]]>
            </message>
            <full-stacktrace>
              <![CDATA[org.openqa.selenium.SessionNotCreatedException: session not created: This version of ChromeDriver only supports Chrome version 96
Current browser version is 108.0.5359.94 with binary path /Applications/Google Chrome.app/Contents/MacOS/Google Chrome
Build info: version: '3.141.59', revision: 'e82be7d358', time: '2018-11-14T08:17:03'
System info: host: 'Abduls-MBP-2', ip: '2600:4041:5555:ac00:286a:1815:9739:c1c5%en0', os.name: 'Mac OS X', os.arch: 'aarch64', os.version: '12.6', java.version: '17.0.1'
Driver info: driver.version: ChromeDriver
remote stacktrace: 0   chromedriver                        0x0000000101122140 __gxx_personality_v0 + 543984
1   chromedriver                        0x00000001010b7c08 __gxx_personality_v0 + 108472
2   chromedriver                        0x0000000100cb67a4 chromedriver + 157604
3   chromedriver                        0x0000000100cd8b2c chromedriver + 297772
4   chromedriver                        0x0000000100cd55cc chromedriver + 284108
5   chromedriver                        0x0000000100cd25e8 chromedriver + 271848
6   chromedriver                        0x0000000100d03d88 chromedriver + 474504
7   chromedriver                        0x0000000100cdb1dc chromedriver + 307676
8   chromedriver                        0x00000001010e55d8 __gxx_personality_v0 + 295304
9   chromedriver                        0x00000001010f95d4 __gxx_personality_v0 + 377220
10  chromedriver                        0x00000001010fdca8 __gxx_personality_v0 + 395352
11  chromedriver                        0x00000001010fa3f4 __gxx_personality_v0 + 380836
12  chromedriver                        0x00000001010db0f0 __gxx_personality_v0 + 253088
13  chromedriver                        0x0000000101113570 __gxx_personality_v0 + 483616
14  chromedriver                        0x00000001011136e4 __gxx_personality_v0 + 483988
15  chromedriver                        0x0000000101128d10 __gxx_personality_v0 + 571584
16  libsystem_pthread.dylib             0x000000018d69c26c _pthread_start + 148
17  libsystem_pthread.dylib             0x000000018d69708c thread_start + 8

at java.base/jdk.internal.reflect.NativeConstructorAccessorImpl.newInstance0(Native Method)
at java.base/jdk.internal.reflect.NativeConstructorAccessorImpl.newInstance(NativeConstructorAccessorImpl.java:77)
at java.base/jdk.internal.reflect.DelegatingConstructorAccessorImpl.newInstance(DelegatingConstructorAccessorImpl.java:45)
at java.base/java.lang.reflect.Constructor.newInstanceWithCaller(Constructor.java:499)
at java.base/java.lang.reflect.Constructor.newInstance(Constructor.java:480)
at org.openqa.selenium.remote.W3CHandshakeResponse.lambda$errorHandler$0(W3CHandshakeResponse.java:62)
at org.openqa.selenium.remote.HandshakeResponse.lambda$getResponseFunction$0(HandshakeResponse.java:30)
at org.openqa.selenium.remote.ProtocolHandshake.lambda$createSession$0(ProtocolHandshake.java:126)
at java.base/java.util.stream.ReferencePipeline$3$1.accept(ReferencePipeline.java:197)
at java.base/java.util.Spliterators$ArraySpliterator.tryAdvance(Spliterators.java:1002)
at java.base/java.util.stream.ReferencePipeline.forEachWithCancel(ReferencePipeline.java:129)
at java.base/java.util.stream.AbstractPipeline.copyIntoWithCancel(AbstractPipeline.java:527)
at java.base/java.util.stream.AbstractPipeline.copyInto(AbstractPipeline.java:513)
at java.base/java.util.stream.AbstractPipeline.wrapAndCopyInto(AbstractPipeline.java:499)
at java.base/java.util.stream.FindOps$FindOp.evaluateSequential(FindOps.java:150)
at java.base/java.util.stream.AbstractPipeline.evaluate(AbstractPipeline.java:234)
at java.base/java.util.stream.ReferencePipeline.findFirst(ReferencePipeline.java:647)
at org.openqa.selenium.remote.ProtocolHandshake.createSession(ProtocolHandshake.java:128)
at org.openqa.selenium.remote.ProtocolHandshake.createSession(ProtocolHandshake.java:74)
at org.openqa.selenium.remote.HttpCommandExecutor.execute(HttpCommandExecutor.java:136)
at org.openqa.selenium.remote.service.DriverCommandExecutor.execute(DriverCommandExecutor.java:83)
at org.openqa.selenium.remote.RemoteWebDriver.execute(RemoteWebDriver.java:552)
at org.openqa.selenium.remote.RemoteWebDriver.startSession(RemoteWebDriver.java:213)
at org.openqa.selenium.remote.RemoteWebDriver.<init>(RemoteWebDriver.java:131)
at org.openqa.selenium.chrome.ChromeDriver.<init>(ChromeDriver.java:181)
at org.openqa.selenium.chrome.ChromeDriver.<init>(ChromeDriver.java:168)
at org.openqa.selenium.chrome.ChromeDriver.<init>(ChromeDriver.java:123)
at bdTech.Emirates.EmiratesBase.beforeMethod(EmiratesBase.java:24)
at java.base/jdk.internal.reflect.NativeMethodAccessorImpl.invoke0(Native Method)
at java.base/jdk.internal.reflect.NativeMethodAccessorImpl.invoke(NativeMethodAccessorImpl.java:77)
at java.base/jdk.internal.reflect.DelegatingMethodAccessorImpl.invoke(DelegatingMethodAccessorImpl.java:43)
at java.base/java.lang.reflect.Method.invoke(Method.java:568)
at org.testng.internal.MethodInvocationHelper.invokeMethod(MethodInvocationHelper.java:133)
at org.testng.internal.MethodInvocationHelper.invokeMethodConsideringTimeout(MethodInvocationHelper.java:62)
at org.testng.internal.ConfigInvoker.invokeConfigurationMethod(ConfigInvoker.java:385)
at org.testng.internal.ConfigInvoker.invokeConfigurations(ConfigInvoker.java:321)
at org.testng.internal.TestInvoker.runConfigMethods(TestInvoker.java:700)
at org.testng.internal.TestInvoker.invokeMethod(TestInvoker.java:527)
at org.testng.internal.TestInvoker.invokeTestMethod(TestInvoker.java:173)
at org.testng.internal.MethodRunner.runInSequence(MethodRunner.java:46)
at org.testng.internal.TestInvoker$MethodInvocationAgent.invoke(TestInvoker.java:824)
at org.testng.internal.TestInvoker.invokeTestMethods(TestInvoker.java:146)
at org.testng.internal.TestMethodWorker.invokeTestMethods(TestMethodWorker.java:146)
at org.testng.internal.TestMethodWorker.run(TestMethodWorker.java:128)
at java.base/java.util.ArrayList.forEach(ArrayList.java:1511)
at org.testng.TestRunner.privateRun(TestRunner.java:794)
at org.testng.TestRunner.run(TestRunner.java:596)
at org.testng.SuiteRunner.runTest(SuiteRunner.java:377)
at org.testng.SuiteRunner.runSequentially(SuiteRunner.java:371)
at org.testng.SuiteRunner.privateRun(SuiteRunner.java:332)
at org.testng.SuiteRunner.run(SuiteRunner.java:276)
at org.testng.SuiteRunnerWorker.runSuite(SuiteRunnerWorker.java:53)
at org.testng.SuiteRunnerWorker.run(SuiteRunnerWorker.java:96)
at org.testng.TestNG.runSuitesSequentially(TestNG.java:1212)
at org.testng.TestNG.runSuitesLocally(TestNG.java:1134)
at org.testng.TestNG.runSuites(TestNG.java:1063)
at org.testng.TestNG.run(TestNG.java:1031)
at org.testng.remote.AbstractRemoteTestNG.run(AbstractRemoteTestNG.java:115)
at org.testng.remote.RemoteTestNG.initAndRun(RemoteTestNG.java:251)
at org.testng.remote.RemoteTestNG.main(RemoteTestNG.java:77)
]]>
            </full-stacktrace>
          </exception> <!-- org.openqa.selenium.SessionNotCreatedException -->
          <reporter-output>
          </reporter-output>
        </test-method> <!-- beforeMethod -->
        <test-method signature="landingPage()[pri:0, instance:bdTech.Emirates.EmiratesPageTest@20ce78ec]" started-at="2022-12-07T21:53:24 EST" name="landingPage" finished-at="2022-12-07T21:53:24 EST" duration-ms="0" status="SKIP">
          <exception class="org.openqa.selenium.SessionNotCreatedException">
            <message>
              <![CDATA[session not created: This version of ChromeDriver only supports Chrome version 96
Current browser version is 108.0.5359.94 with binary path /Applications/Google Chrome.app/Contents/MacOS/Google Chrome
Build info: version: '3.141.59', revision: 'e82be7d358', time: '2018-11-14T08:17:03'
System info: host: 'Abduls-MBP-2', ip: '2600:4041:5555:ac00:286a:1815:9739:c1c5%en0', os.name: 'Mac OS X', os.arch: 'aarch64', os.version: '12.6', java.version: '17.0.1'
Driver info: driver.version: ChromeDriver
remote stacktrace: 0   chromedriver                        0x0000000101122140 __gxx_personality_v0 + 543984
1   chromedriver                        0x00000001010b7c08 __gxx_personality_v0 + 108472
2   chromedriver                        0x0000000100cb67a4 chromedriver + 157604
3   chromedriver                        0x0000000100cd8b2c chromedriver + 297772
4   chromedriver                        0x0000000100cd55cc chromedriver + 284108
5   chromedriver                        0x0000000100cd25e8 chromedriver + 271848
6   chromedriver                        0x0000000100d03d88 chromedriver + 474504
7   chromedriver                        0x0000000100cdb1dc chromedriver + 307676
8   chromedriver                        0x00000001010e55d8 __gxx_personality_v0 + 295304
9   chromedriver                        0x00000001010f95d4 __gxx_personality_v0 + 377220
10  chromedriver                        0x00000001010fdca8 __gxx_personality_v0 + 395352
11  chromedriver                        0x00000001010fa3f4 __gxx_personality_v0 + 380836
12  chromedriver                        0x00000001010db0f0 __gxx_personality_v0 + 253088
13  chromedriver                        0x0000000101113570 __gxx_personality_v0 + 483616
14  chromedriver                        0x00000001011136e4 __gxx_personality_v0 + 483988
15  chromedriver                        0x0000000101128d10 __gxx_personality_v0 + 571584
16  libsystem_pthread.dylib             0x000000018d69c26c _pthread_start + 148
17  libsystem_pthread.dylib             0x000000018d69708c thread_start + 8
]]>
            </message>
            <full-stacktrace>
              <![CDATA[org.openqa.selenium.SessionNotCreatedException: session not created: This version of ChromeDriver only supports Chrome version 96
Current browser version is 108.0.5359.94 with binary path /Applications/Google Chrome.app/Contents/MacOS/Google Chrome
Build info: version: '3.141.59', revision: 'e82be7d358', time: '2018-11-14T08:17:03'
System info: host: 'Abduls-MBP-2', ip: '2600:4041:5555:ac00:286a:1815:9739:c1c5%en0', os.name: 'Mac OS X', os.arch: 'aarch64', os.version: '12.6', java.version: '17.0.1'
Driver info: driver.version: ChromeDriver
remote stacktrace: 0   chromedriver                        0x0000000101122140 __gxx_personality_v0 + 543984
1   chromedriver                        0x00000001010b7c08 __gxx_personality_v0 + 108472
2   chromedriver                        0x0000000100cb67a4 chromedriver + 157604
3   chromedriver                        0x0000000100cd8b2c chromedriver + 297772
4   chromedriver                        0x0000000100cd55cc chromedriver + 284108
5   chromedriver                        0x0000000100cd25e8 chromedriver + 271848
6   chromedriver                        0x0000000100d03d88 chromedriver + 474504
7   chromedriver                        0x0000000100cdb1dc chromedriver + 307676
8   chromedriver                        0x00000001010e55d8 __gxx_personality_v0 + 295304
9   chromedriver                        0x00000001010f95d4 __gxx_personality_v0 + 377220
10  chromedriver                        0x00000001010fdca8 __gxx_personality_v0 + 395352
11  chromedriver                        0x00000001010fa3f4 __gxx_personality_v0 + 380836
12  chromedriver                        0x00000001010db0f0 __gxx_personality_v0 + 253088
13  chromedriver                        0x0000000101113570 __gxx_personality_v0 + 483616
14  chromedriver                        0x00000001011136e4 __gxx_personality_v0 + 483988
15  chromedriver                        0x0000000101128d10 __gxx_personality_v0 + 571584
16  libsystem_pthread.dylib             0x000000018d69c26c _pthread_start + 148
17  libsystem_pthread.dylib             0x000000018d69708c thread_start + 8

at java.base/jdk.internal.reflect.NativeConstructorAccessorImpl.newInstance0(Native Method)
at java.base/jdk.internal.reflect.NativeConstructorAccessorImpl.newInstance(NativeConstructorAccessorImpl.java:77)
at java.base/jdk.internal.reflect.DelegatingConstructorAccessorImpl.newInstance(DelegatingConstructorAccessorImpl.java:45)
at java.base/java.lang.reflect.Constructor.newInstanceWithCaller(Constructor.java:499)
at java.base/java.lang.reflect.Constructor.newInstance(Constructor.java:480)
at org.openqa.selenium.remote.W3CHandshakeResponse.lambda$errorHandler$0(W3CHandshakeResponse.java:62)
at org.openqa.selenium.remote.HandshakeResponse.lambda$getResponseFunction$0(HandshakeResponse.java:30)
at org.openqa.selenium.remote.ProtocolHandshake.lambda$createSession$0(ProtocolHandshake.java:126)
at java.base/java.util.stream.ReferencePipeline$3$1.accept(ReferencePipeline.java:197)
at java.base/java.util.Spliterators$ArraySpliterator.tryAdvance(Spliterators.java:1002)
at java.base/java.util.stream.ReferencePipeline.forEachWithCancel(ReferencePipeline.java:129)
at java.base/java.util.stream.AbstractPipeline.copyIntoWithCancel(AbstractPipeline.java:527)
at java.base/java.util.stream.AbstractPipeline.copyInto(AbstractPipeline.java:513)
at java.base/java.util.stream.AbstractPipeline.wrapAndCopyInto(AbstractPipeline.java:499)
at java.base/java.util.stream.FindOps$FindOp.evaluateSequential(FindOps.java:150)
at java.base/java.util.stream.AbstractPipeline.evaluate(AbstractPipeline.java:234)
at java.base/java.util.stream.ReferencePipeline.findFirst(ReferencePipeline.java:647)
at org.openqa.selenium.remote.ProtocolHandshake.createSession(ProtocolHandshake.java:128)
at org.openqa.selenium.remote.ProtocolHandshake.createSession(ProtocolHandshake.java:74)
at org.openqa.selenium.remote.HttpCommandExecutor.execute(HttpCommandExecutor.java:136)
at org.openqa.selenium.remote.service.DriverCommandExecutor.execute(DriverCommandExecutor.java:83)
at org.openqa.selenium.remote.RemoteWebDriver.execute(RemoteWebDriver.java:552)
at org.openqa.selenium.remote.RemoteWebDriver.startSession(RemoteWebDriver.java:213)
at org.openqa.selenium.remote.RemoteWebDriver.<init>(RemoteWebDriver.java:131)
at org.openqa.selenium.chrome.ChromeDriver.<init>(ChromeDriver.java:181)
at org.openqa.selenium.chrome.ChromeDriver.<init>(ChromeDriver.java:168)
at org.openqa.selenium.chrome.ChromeDriver.<init>(ChromeDriver.java:123)
at bdTech.Emirates.EmiratesBase.beforeMethod(EmiratesBase.java:24)
at java.base/jdk.internal.reflect.NativeMethodAccessorImpl.invoke0(Native Method)
at java.base/jdk.internal.reflect.NativeMethodAccessorImpl.invoke(NativeMethodAccessorImpl.java:77)
at java.base/jdk.internal.reflect.DelegatingMethodAccessorImpl.invoke(DelegatingMethodAccessorImpl.java:43)
at java.base/java.lang.reflect.Method.invoke(Method.java:568)
at org.testng.internal.MethodInvocationHelper.invokeMethod(MethodInvocationHelper.java:133)
at org.testng.internal.MethodInvocationHelper.invokeMethodConsideringTimeout(MethodInvocationHelper.java:62)
at org.testng.internal.ConfigInvoker.invokeConfigurationMethod(ConfigInvoker.java:385)
at org.testng.internal.ConfigInvoker.invokeConfigurations(ConfigInvoker.java:321)
at org.testng.internal.TestInvoker.runConfigMethods(TestInvoker.java:700)
at org.testng.internal.TestInvoker.invokeMethod(TestInvoker.java:527)
at org.testng.internal.TestInvoker.invokeTestMethod(TestInvoker.java:173)
at org.testng.internal.MethodRunner.runInSequence(MethodRunner.java:46)
at org.testng.internal.TestInvoker$MethodInvocationAgent.invoke(TestInvoker.java:824)
at org.testng.internal.TestInvoker.invokeTestMethods(TestInvoker.java:146)
at org.testng.internal.TestMethodWorker.invokeTestMethods(TestMethodWorker.java:146)
at org.testng.internal.TestMethodWorker.run(TestMethodWorker.java:128)
at java.base/java.util.ArrayList.forEach(ArrayList.java:1511)
at org.testng.TestRunner.privateRun(TestRunner.java:794)
at org.testng.TestRunner.run(TestRunner.java:596)
at org.testng.SuiteRunner.runTest(SuiteRunner.java:377)
at org.testng.SuiteRunner.runSequentially(SuiteRunner.java:371)
at org.testng.SuiteRunner.privateRun(SuiteRunner.java:332)
at org.testng.SuiteRunner.run(SuiteRunner.java:276)
at org.testng.SuiteRunnerWorker.runSuite(SuiteRunnerWorker.java:53)
at org.testng.SuiteRunnerWorker.run(SuiteRunnerWorker.java:96)
at org.testng.TestNG.runSuitesSequentially(TestNG.java:1212)
at org.testng.TestNG.runSuitesLocally(TestNG.java:1134)
at org.testng.TestNG.runSuites(TestNG.java:1063)
at org.testng.TestNG.run(TestNG.java:1031)
at org.testng.remote.AbstractRemoteTestNG.run(AbstractRemoteTestNG.java:115)
at org.testng.remote.RemoteTestNG.initAndRun(RemoteTestNG.java:251)
at org.testng.remote.RemoteTestNG.main(RemoteTestNG.java:77)
]]>
            </full-stacktrace>
          </exception> <!-- org.openqa.selenium.SessionNotCreatedException -->
          <reporter-output>
          </reporter-output>
        </test-method> <!-- landingPage -->
        <test-method is-config="true" signature="afterMethod()[pri:0, instance:bdTech.Emirates.EmiratesPageTest@20ce78ec]" started-at="2022-12-07T21:53:24 EST" name="afterMethod" finished-at="1969-12-31T19:00:00 EST" duration-ms="-1670468004619" status="SKIP">
          <reporter-output>
          </reporter-output>
        </test-method> <!-- afterMethod -->
        <test-method is-config="true" signature="afterClass()[pri:0, instance:bdTech.Emirates.EmiratesPageTest@20ce78ec]" started-at="2022-12-07T21:53:24 EST" name="afterClass" finished-at="1969-12-31T19:00:00 EST" duration-ms="-1670468004620" status="SKIP">
          <reporter-output>
          </reporter-output>
        </test-method> <!-- afterClass -->
        <test-method is-config="true" signature="afterTest()[pri:0, instance:bdTech.Emirates.EmiratesPageTest@20ce78ec]" started-at="2022-12-07T21:53:24 EST" name="afterTest" finished-at="2022-12-07T21:53:24 EST" duration-ms="0" status="PASS">
          <reporter-output>
          </reporter-output>
        </test-method> <!-- afterTest -->
        <test-method is-config="true" signature="afterSuite()[pri:0, instance:bdTech.Emirates.EmiratesPageTest@20ce78ec]" started-at="2022-12-07T21:53:24 EST" name="afterSuite" finished-at="2022-12-07T21:53:24 EST" duration-ms="0" status="PASS">
          <reporter-output>
          </reporter-output>
        </test-method> <!-- afterSuite -->
      </class> <!-- bdTech.Emirates.EmiratesPageTest -->
    </test> <!-- Default test -->
  </suite> <!-- Default suite -->
</testng-results>
